<?xml version="1.0" encoding="UTF-8"?>
<coverage generated="1553746578696" clover="3.2.0">
  <project timestamp="1553746578696" name="All files">
    <metrics statements="51" coveredstatements="51" conditionals="26" coveredconditionals="26" methods="12" coveredmethods="12" elements="89" coveredelements="89" complexity="0" loc="51" ncloc="51" packages="1" files="2" classes="2"/>
    <file name="pokerData.js" path="C:\Users\Mtech\Desktop\poker-game\controllers\pokerData.js">
      <metrics statements="3" coveredstatements="3" conditionals="0" coveredconditionals="0" methods="0" coveredmethods="0"/>
      <line num="1" count="1" type="stmt"/>
      <line num="16" count="1" type="stmt"/>
      <line num="17" count="1" type="stmt"/>
    </file>
    <file name="rankController.js" path="C:\Users\Mtech\Desktop\poker-game\controllers\rankController.js">
      <metrics statements="48" coveredstatements="48" conditionals="26" coveredconditionals="26" methods="12" coveredmethods="12"/>
      <line num="3" count="1" type="stmt"/>
      <line num="5" count="7" type="stmt"/>
      <line num="6" count="7" type="stmt"/>
      <line num="8" count="7" type="stmt"/>
      <line num="9" count="21" type="stmt"/>
      <line num="12" count="16" type="stmt"/>
      <line num="14" count="7" type="cond" truecount="2" falsecount="0"/>
      <line num="16" count="1" type="stmt"/>
      <line num="18" count="6" type="stmt"/>
      <line num="19" count="12" type="cond" truecount="2" falsecount="0"/>
      <line num="20" count="7" type="stmt"/>
      <line num="24" count="7" type="stmt"/>
      <line num="28" count="7" type="stmt"/>
      <line num="30" count="7" type="stmt"/>
      <line num="31" count="21" type="stmt"/>
      <line num="34" count="7" type="stmt"/>
      <line num="35" count="7" type="stmt"/>
      <line num="37" count="7" type="stmt"/>
      <line num="38" count="14" type="cond" truecount="2" falsecount="0"/>
      <line num="39" count="2" type="stmt"/>
      <line num="43" count="7" type="cond" truecount="2" falsecount="0"/>
      <line num="47" count="7" type="stmt"/>
      <line num="49" count="7" type="stmt"/>
      <line num="50" count="21" type="stmt"/>
      <line num="53" count="7" type="stmt"/>
      <line num="54" count="7" type="stmt"/>
      <line num="56" count="7" type="stmt"/>
      <line num="57" count="14" type="cond" truecount="2" falsecount="0"/>
      <line num="58" count="6" type="stmt"/>
      <line num="62" count="7" type="cond" truecount="2" falsecount="0"/>
      <line num="66" count="7" type="stmt"/>
      <line num="67" count="7" type="stmt"/>
      <line num="68" count="7" type="stmt"/>
      <line num="69" count="21" type="stmt"/>
      <line num="71" count="7" type="cond" truecount="2" falsecount="0"/>
      <line num="72" count="2" type="stmt"/>
      <line num="74" count="7" type="stmt"/>
      <line num="79" count="7" type="cond" truecount="2" falsecount="0"/>
      <line num="80" count="1" type="stmt"/>
      <line num="84" count="6" type="cond" truecount="4" falsecount="0"/>
      <line num="85" count="1" type="stmt"/>
      <line num="89" count="5" type="cond" truecount="2" falsecount="0"/>
      <line num="90" count="1" type="stmt"/>
      <line num="94" count="4" type="cond" truecount="2" falsecount="0"/>
      <line num="95" count="2" type="stmt"/>
      <line num="99" count="2" type="cond" truecount="2" falsecount="0"/>
      <line num="100" count="1" type="stmt"/>
      <line num="104" count="1" type="stmt"/>
    </file>
  </project>
</coverage>
