{"C:\\Users\\Mtech\\Desktop\\poker-game\\controllers\\pokerData.js": {"path":"C:\\Users\\Mtech\\Desktop\\poker-game\\controllers\\pokerData.js","statementMap":{"0":{"start":{"line":1,"column":28},"end":{"line":15,"column":1}},"1":{"start":{"line":16,"column":21},"end":{"line":16,"column":45}},"2":{"start":{"line":17,"column":21},"end":{"line":17,"column":63}}},"fnMap":{},"branchMap":{},"s":{"0":1,"1":1,"2":1},"f":{},"b":{},"_coverageSchema":"43e27e138ebf9cfc5966b082cf9a028302ed4184","hash":"5f1fa7a6b10db6dfca4d8777559116693659d948"}
,"C:\\Users\\Mtech\\Desktop\\poker-game\\controllers\\rankController.js": {"path":"C:\\Users\\Mtech\\Desktop\\poker-game\\controllers\\rankController.js","statementMap":{"0":{"start":{"line":3,"column":20},"end":{"line":106,"column":1}},"1":{"start":{"line":5,"column":18},"end":{"line":5,"column":20}},"2":{"start":{"line":6,"column":29},"end":{"line":6,"column":33}},"3":{"start":{"line":8,"column":4},"end":{"line":10,"column":7}},"4":{"start":{"line":9,"column":6},"end":{"line":9,"column":51}},"5":{"start":{"line":12,"column":26},"end":{"line":12,"column":55}},"6":{"start":{"line":12,"column":49},"end":{"line":12,"column":54}},"7":{"start":{"line":14,"column":4},"end":{"line":23,"column":5}},"8":{"start":{"line":16,"column":6},"end":{"line":16,"column":32}},"9":{"start":{"line":18,"column":6},"end":{"line":22,"column":7}},"10":{"start":{"line":18,"column":19},"end":{"line":18,"column":20}},"11":{"start":{"line":19,"column":8},"end":{"line":21,"column":9}},"12":{"start":{"line":20,"column":10},"end":{"line":20,"column":37}},"13":{"start":{"line":24,"column":4},"end":{"line":24,"column":30}},"14":{"start":{"line":28,"column":18},"end":{"line":28,"column":20}},"15":{"start":{"line":30,"column":4},"end":{"line":32,"column":7}},"16":{"start":{"line":31,"column":6},"end":{"line":31,"column":29}},"17":{"start":{"line":34,"column":19},"end":{"line":34,"column":34}},"18":{"start":{"line":35,"column":16},"end":{"line":35,"column":17}},"19":{"start":{"line":37,"column":4},"end":{"line":41,"column":7}},"20":{"start":{"line":38,"column":6},"end":{"line":40,"column":7}},"21":{"start":{"line":39,"column":8},"end":{"line":39,"column":16}},"22":{"start":{"line":43,"column":4},"end":{"line":43,"column":38}},"23":{"start":{"line":47,"column":24},"end":{"line":47,"column":26}},"24":{"start":{"line":49,"column":4},"end":{"line":51,"column":7}},"25":{"start":{"line":50,"column":6},"end":{"line":50,"column":33}},"26":{"start":{"line":53,"column":17},"end":{"line":53,"column":36}},"27":{"start":{"line":54,"column":16},"end":{"line":54,"column":17}},"28":{"start":{"line":56,"column":4},"end":{"line":60,"column":7}},"29":{"start":{"line":57,"column":6},"end":{"line":59,"column":7}},"30":{"start":{"line":58,"column":8},"end":{"line":58,"column":16}},"31":{"start":{"line":62,"column":4},"end":{"line":62,"column":38}},"32":{"start":{"line":66,"column":18},"end":{"line":66,"column":20}},"33":{"start":{"line":67,"column":18},"end":{"line":67,"column":23}},"34":{"start":{"line":68,"column":4},"end":{"line":70,"column":7}},"35":{"start":{"line":69,"column":6},"end":{"line":69,"column":29}},"36":{"start":{"line":71,"column":4},"end":{"line":73,"column":5}},"37":{"start":{"line":72,"column":6},"end":{"line":72,"column":21}},"38":{"start":{"line":74,"column":4},"end":{"line":74,"column":19}},"39":{"start":{"line":79,"column":4},"end":{"line":81,"column":5}},"40":{"start":{"line":80,"column":6},"end":{"line":80,"column":22}},"41":{"start":{"line":84,"column":4},"end":{"line":86,"column":5}},"42":{"start":{"line":85,"column":6},"end":{"line":85,"column":22}},"43":{"start":{"line":89,"column":4},"end":{"line":91,"column":5}},"44":{"start":{"line":90,"column":6},"end":{"line":90,"column":22}},"45":{"start":{"line":94,"column":4},"end":{"line":96,"column":5}},"46":{"start":{"line":95,"column":6},"end":{"line":95,"column":22}},"47":{"start":{"line":99,"column":4},"end":{"line":101,"column":5}},"48":{"start":{"line":100,"column":6},"end":{"line":100,"column":22}},"49":{"start":{"line":104,"column":4},"end":{"line":104,"column":20}}},"fnMap":{"0":{"name":"(anonymous_0)","decl":{"start":{"line":4,"column":27},"end":{"line":4,"column":28}},"loc":{"start":{"line":4,"column":35},"end":{"line":25,"column":3}},"line":4},"1":{"name":"(anonymous_1)","decl":{"start":{"line":8,"column":13},"end":{"line":8,"column":14}},"loc":{"start":{"line":8,"column":22},"end":{"line":10,"column":5}},"line":8},"2":{"name":"(anonymous_2)","decl":{"start":{"line":12,"column":39},"end":{"line":12,"column":40}},"loc":{"start":{"line":12,"column":49},"end":{"line":12,"column":54}},"line":12},"3":{"name":"(anonymous_3)","decl":{"start":{"line":27,"column":19},"end":{"line":27,"column":20}},"loc":{"start":{"line":27,"column":27},"end":{"line":44,"column":3}},"line":27},"4":{"name":"(anonymous_4)","decl":{"start":{"line":30,"column":13},"end":{"line":30,"column":14}},"loc":{"start":{"line":30,"column":22},"end":{"line":32,"column":5}},"line":30},"5":{"name":"(anonymous_5)","decl":{"start":{"line":37,"column":16},"end":{"line":37,"column":17}},"loc":{"start":{"line":37,"column":23},"end":{"line":41,"column":5}},"line":37},"6":{"name":"(anonymous_6)","decl":{"start":{"line":46,"column":18},"end":{"line":46,"column":19}},"loc":{"start":{"line":46,"column":26},"end":{"line":63,"column":3}},"line":46},"7":{"name":"(anonymous_7)","decl":{"start":{"line":49,"column":13},"end":{"line":49,"column":14}},"loc":{"start":{"line":49,"column":22},"end":{"line":51,"column":5}},"line":49},"8":{"name":"(anonymous_8)","decl":{"start":{"line":56,"column":20},"end":{"line":56,"column":21}},"loc":{"start":{"line":56,"column":27},"end":{"line":60,"column":5}},"line":56},"9":{"name":"(anonymous_9)","decl":{"start":{"line":65,"column":16},"end":{"line":65,"column":17}},"loc":{"start":{"line":65,"column":24},"end":{"line":75,"column":3}},"line":65},"10":{"name":"(anonymous_10)","decl":{"start":{"line":68,"column":13},"end":{"line":68,"column":14}},"loc":{"start":{"line":68,"column":22},"end":{"line":70,"column":5}},"line":68},"11":{"name":"(anonymous_11)","decl":{"start":{"line":77,"column":13},"end":{"line":77,"column":14}},"loc":{"start":{"line":77,"column":21},"end":{"line":105,"column":3}},"line":77}},"branchMap":{"0":{"loc":{"start":{"line":14,"column":4},"end":{"line":23,"column":5}},"type":"if","locations":[{"start":{"line":14,"column":4},"end":{"line":23,"column":5}},{"start":{"line":14,"column":4},"end":{"line":23,"column":5}}],"line":14},"1":{"loc":{"start":{"line":19,"column":8},"end":{"line":21,"column":9}},"type":"if","locations":[{"start":{"line":19,"column":8},"end":{"line":21,"column":9}},{"start":{"line":19,"column":8},"end":{"line":21,"column":9}}],"line":19},"2":{"loc":{"start":{"line":38,"column":6},"end":{"line":40,"column":7}},"type":"if","locations":[{"start":{"line":38,"column":6},"end":{"line":40,"column":7}},{"start":{"line":38,"column":6},"end":{"line":40,"column":7}}],"line":38},"3":{"loc":{"start":{"line":43,"column":11},"end":{"line":43,"column":37}},"type":"cond-expr","locations":[{"start":{"line":43,"column":25},"end":{"line":43,"column":29}},{"start":{"line":43,"column":32},"end":{"line":43,"column":37}}],"line":43},"4":{"loc":{"start":{"line":57,"column":6},"end":{"line":59,"column":7}},"type":"if","locations":[{"start":{"line":57,"column":6},"end":{"line":59,"column":7}},{"start":{"line":57,"column":6},"end":{"line":59,"column":7}}],"line":57},"5":{"loc":{"start":{"line":62,"column":11},"end":{"line":62,"column":37}},"type":"cond-expr","locations":[{"start":{"line":62,"column":25},"end":{"line":62,"column":29}},{"start":{"line":62,"column":32},"end":{"line":62,"column":37}}],"line":62},"6":{"loc":{"start":{"line":71,"column":4},"end":{"line":73,"column":5}},"type":"if","locations":[{"start":{"line":71,"column":4},"end":{"line":73,"column":5}},{"start":{"line":71,"column":4},"end":{"line":73,"column":5}}],"line":71},"7":{"loc":{"start":{"line":79,"column":4},"end":{"line":81,"column":5}},"type":"if","locations":[{"start":{"line":79,"column":4},"end":{"line":81,"column":5}},{"start":{"line":79,"column":4},"end":{"line":81,"column":5}}],"line":79},"8":{"loc":{"start":{"line":84,"column":4},"end":{"line":86,"column":5}},"type":"if","locations":[{"start":{"line":84,"column":4},"end":{"line":86,"column":5}},{"start":{"line":84,"column":4},"end":{"line":86,"column":5}}],"line":84},"9":{"loc":{"start":{"line":84,"column":8},"end":{"line":84,"column":69}},"type":"binary-expr","locations":[{"start":{"line":84,"column":8},"end":{"line":84,"column":41}},{"start":{"line":84,"column":45},"end":{"line":84,"column":69}}],"line":84},"10":{"loc":{"start":{"line":89,"column":4},"end":{"line":91,"column":5}},"type":"if","locations":[{"start":{"line":89,"column":4},"end":{"line":91,"column":5}},{"start":{"line":89,"column":4},"end":{"line":91,"column":5}}],"line":89},"11":{"loc":{"start":{"line":94,"column":4},"end":{"line":96,"column":5}},"type":"if","locations":[{"start":{"line":94,"column":4},"end":{"line":96,"column":5}},{"start":{"line":94,"column":4},"end":{"line":96,"column":5}}],"line":94},"12":{"loc":{"start":{"line":99,"column":4},"end":{"line":101,"column":5}},"type":"if","locations":[{"start":{"line":99,"column":4},"end":{"line":101,"column":5}},{"start":{"line":99,"column":4},"end":{"line":101,"column":5}}],"line":99}},"s":{"0":1,"1":7,"2":7,"3":7,"4":21,"5":7,"6":16,"7":7,"8":1,"9":6,"10":6,"11":12,"12":7,"13":7,"14":7,"15":7,"16":21,"17":7,"18":7,"19":7,"20":14,"21":2,"22":7,"23":7,"24":7,"25":21,"26":7,"27":7,"28":7,"29":14,"30":6,"31":7,"32":7,"33":7,"34":7,"35":21,"36":7,"37":2,"38":7,"39":7,"40":1,"41":6,"42":1,"43":5,"44":1,"45":4,"46":2,"47":2,"48":1,"49":1},"f":{"0":7,"1":21,"2":16,"3":7,"4":21,"5":14,"6":7,"7":21,"8":14,"9":7,"10":21,"11":7},"b":{"0":[1,6],"1":[7,5],"2":[2,12],"3":[1,6],"4":[6,8],"5":[2,5],"6":[2,5],"7":[1,6],"8":[1,5],"9":[6,3],"10":[1,4],"11":[2,2],"12":[1,1]},"_coverageSchema":"43e27e138ebf9cfc5966b082cf9a028302ed4184","hash":"fb8af33cb437fa06523da78018f5f8b2bb582acd"}
}
