TN:
SF:C:\Users\Mtech\Desktop\poker-game\controllers\pokerData.js
FNF:0
FNH:0
DA:1,1
DA:16,1
DA:17,1
LF:3
LH:3
BRF:0
BRH:0
end_of_record
TN:
SF:C:\Users\Mtech\Desktop\poker-game\controllers\rankController.js
FN:4,(anonymous_0)
FN:8,(anonymous_1)
FN:12,(anonymous_2)
FN:27,(anonymous_3)
FN:30,(anonymous_4)
FN:37,(anonymous_5)
FN:46,(anonymous_6)
FN:49,(anonymous_7)
FN:56,(anonymous_8)
FN:65,(anonymous_9)
FN:68,(anonymous_10)
FN:77,(anonymous_11)
FNF:12
FNH:12
FNDA:7,(anonymous_0)
FNDA:21,(anonymous_1)
FNDA:16,(anonymous_2)
FNDA:7,(anonymous_3)
FNDA:21,(anonymous_4)
FNDA:14,(anonymous_5)
FNDA:7,(anonymous_6)
FNDA:21,(anonymous_7)
FNDA:14,(anonymous_8)
FNDA:7,(anonymous_9)
FNDA:21,(anonymous_10)
FNDA:7,(anonymous_11)
DA:3,1
DA:5,7
DA:6,7
DA:8,7
DA:9,21
DA:12,16
DA:14,7
DA:16,1
DA:18,6
DA:19,12
DA:20,7
DA:24,7
DA:28,7
DA:30,7
DA:31,21
DA:34,7
DA:35,7
DA:37,7
DA:38,14
DA:39,2
DA:43,7
DA:47,7
DA:49,7
DA:50,21
DA:53,7
DA:54,7
DA:56,7
DA:57,14
DA:58,6
DA:62,7
DA:66,7
DA:67,7
DA:68,7
DA:69,21
DA:71,7
DA:72,2
DA:74,7
DA:79,7
DA:80,1
DA:84,6
DA:85,1
DA:89,5
DA:90,1
DA:94,4
DA:95,2
DA:99,2
DA:100,1
DA:104,1
LF:48
LH:48
BRDA:14,0,0,1
BRDA:14,0,1,6
BRDA:19,1,0,7
BRDA:19,1,1,5
BRDA:38,2,0,2
BRDA:38,2,1,12
BRDA:43,3,0,1
BRDA:43,3,1,6
BRDA:57,4,0,6
BRDA:57,4,1,8
BRDA:62,5,0,2
BRDA:62,5,1,5
BRDA:71,6,0,2
BRDA:71,6,1,5
BRDA:79,7,0,1
BRDA:79,7,1,6
BRDA:84,8,0,1
BRDA:84,8,1,5
BRDA:84,9,0,6
BRDA:84,9,1,3
BRDA:89,10,0,1
BRDA:89,10,1,4
BRDA:94,11,0,2
BRDA:94,11,1,2
BRDA:99,12,0,1
BRDA:99,12,1,1
BRF:26
BRH:26
end_of_record
